2026-04-16T17:44:02 INFO     Loading data from CSV files in ./samples
2026-04-16T17:44:02 INFO     Loaded 10 users records from users.csv
2026-04-16T17:44:02 INFO     Loaded 13 roles records from roles.csv
2026-04-16T17:44:02 INFO     Loaded 18 user_roles records from user_roles.csv
2026-04-16T17:44:02 INFO     Loaded 18 programs records from programs.csv
2026-04-16T17:44:02 INFO     Loaded 37 security records from security.csv
2026-04-16T17:44:02 INFO     Users added: 10
2026-04-16T17:44:02 INFO     Roles added: 13
2026-04-16T17:44:14 INFO     Loading data from CSV files in ./samples
2026-04-16T17:44:14 INFO     Loaded 10 users records from users.csv
2026-04-16T17:44:14 INFO     Loaded 13 roles records from roles.csv
2026-04-16T17:44:14 INFO     Loaded 18 user_roles records from user_roles.csv
2026-04-16T17:44:14 INFO     Loaded 18 programs records from programs.csv
2026-04-16T17:44:14 INFO     Loaded 37 security records from security.csv
2026-04-16T17:44:14 INFO     Users added: 10
2026-04-16T17:44:14 INFO     Roles added: 13
2026-04-16T17:44:14 INFO     User-role assignments: 18
2026-04-16T17:44:14 INFO     Program resources added: 18
2026-04-16T17:44:43 INFO     Loading data from CSV files in ./samples
2026-04-16T17:44:43 INFO     Loaded 10 users records from users.csv
2026-04-16T17:44:43 INFO     Loaded 13 roles records from roles.csv
2026-04-16T17:44:43 INFO     Loaded 18 user_roles records from user_roles.csv
2026-04-16T17:44:43 INFO     Loaded 18 programs records from programs.csv
2026-04-16T17:44:43 INFO     Loaded 37 security records from security.csv
2026-04-16T17:44:43 INFO     Users added: 10
2026-04-16T17:44:43 INFO     Roles added: 13
2026-04-16T17:44:43 INFO     User-role assignments: 18
2026-04-16T17:44:43 INFO     Program resources added: 18
